# JRE version: Java(TM) SE Runtime Environment (8.0_60-b27) (build 1.8.0_60-b27)
# Java VM: Java HotSpot(TM) Client VM (25.60-b23 mixed mode windows-x86 )
Heap:
 def new generation   total 15744K, used 11035K [0x05000000, 0x06110000, 0x0a550000)
  eden space 14016K,  75% used [0x05000000, 0x05a4d410, 0x05db0000)
  from space 1728K,  28% used [0x05f60000, 0x05fd9ac0, 0x06110000)
  to   space 1728K,   0% used [0x05db0000, 0x05db0000, 0x05f60000)
 tenured generation   total 34820K, used 27735K [0x0a550000, 0x0c751000, 0x15000000)
   the space 34820K,  79% used [0x0a550000, 0x0c065f00, 0x0c066000, 0x0c751000)
 Metaspace       used 16065K, capacity 16234K, committed 16384K, reserved 16768K
GC Heap History (10 events):
Event: 4.770 GC heap before
{Heap before GC invocations=50 (full 3):
 def new generation   total 15744K, used 15391K [0x05000000, 0x06110000, 0x0a550000)
  eden space 14016K, 100% used [0x05000000, 0x05db0000, 0x05db0000)
  from space 1728K,  79% used [0x05db0000, 0x05f07e50, 0x05f60000)
  to   space 1728K,   0% used [0x05f60000, 0x05f60000, 0x06110000)
 tenured generation   total 34820K, used 23568K [0x0a550000, 0x0c751000, 0x15000000)
   the space 34820K,  67% used [0x0a550000, 0x0bc54270, 0x0bc54400, 0x0c751000)
 Metaspace       used 13131K, capacity 13332K, committed 13440K, reserved 13696K
Event: 4.777 GC heap after
Heap after GC invocations=51 (full 3):
 def new generation   total 15744K, used 1728K [0x05000000, 0x06110000, 0x0a550000)
  eden space 14016K,   0% used [0x05000000, 0x05000000, 0x05db0000)
  from space 1728K, 100% used [0x05f60000, 0x06110000, 0x06110000)
  to   space 1728K,   0% used [0x05db0000, 0x05db0000, 0x05f60000)
 tenured generation   total 34820K, used 25049K [0x0a550000, 0x0c751000, 0x15000000)
   the space 34820K,  71% used [0x0a550000, 0x0bdc6660, 0x0bdc6800, 0x0c751000)
 Metaspace       used 13131K, capacity 13332K, committed 13440K, reserved 13696K
}
Event: 4.964 GC heap before
{Heap before GC invocations=51 (full 3):
 def new generation   total 15744K, used 15744K [0x05000000, 0x06110000, 0x0a550000)
  eden space 14016K, 100% used [0x05000000, 0x05db0000, 0x05db0000)
  from space 1728K, 100% used [0x05f60000, 0x06110000, 0x06110000)
  to   space 1728K,   0% used [0x05db0000, 0x05db0000, 0x05f60000)
 tenured generation   total 34820K, used 25049K [0x0a550000, 0x0c751000, 0x15000000)
   the space 34820K,  71% used [0x0a550000, 0x0bdc6660, 0x0bdc6800, 0x0c751000)
 Metaspace       used 14371K, capacity 14558K, committed 14720K, reserved 14720K
Event: 4.970 GC heap after
Heap after GC invocations=52 (full 3):
 def new generation   total 15744K, used 1728K [0x05000000, 0x06110000, 0x0a550000)
  eden space 14016K,   0% used [0x05000000, 0x05000000, 0x05db0000)
  from space 1728K, 100% used [0x05db0000, 0x05f60000, 0x05f60000)
  to   space 1728K,   0% used [0x05f60000, 0x05f60000, 0x06110000)
 tenured generation   total 34820K, used 26525K [0x0a550000, 0x0c751000, 0x15000000)
   the space 34820K,  76% used [0x0a550000, 0x0bf37470, 0x0bf37600, 0x0c751000)
 Metaspace       used 14371K, capacity 14558K, committed 14720K, reserved 14720K
}
Event: 5.102 GC heap before
{Heap before GC invocations=52 (full 3):
 def new generation   total 15744K, used 15744K [0x05000000, 0x06110000, 0x0a550000)
  eden space 14016K, 100% used [0x05000000, 0x05db0000, 0x05db0000)
  from space 1728K, 100% used [0x05db0000, 0x05f60000, 0x05f60000)
  to   space 1728K,   0% used [0x05f60000, 0x05f60000, 0x06110000)
 tenured generation   total 34820K, used 26525K [0x0a550000, 0x0c751000, 0x15000000)
   the space 34820K,  76% used [0x0a550000, 0x0bf37470, 0x0bf37600, 0x0c751000)
 Metaspace       used 15109K, capacity 15326K, committed 15488K, reserved 15744K
Event: 5.105 GC heap after
Heap after GC invocations=53 (full 3):
 def new generation   total 15744K, used 1211K [0x05000000, 0x06110000, 0x0a550000)
  eden space 14016K,   0% used [0x05000000, 0x05000000, 0x05db0000)
  from space 1728K,  70% used [0x05f60000, 0x0608ef78, 0x06110000)
  to   space 1728K,   0% used [0x05db0000, 0x05db0000, 0x05f60000)
 tenured generation   total 34820K, used 27025K [0x0a550000, 0x0c751000, 0x15000000)
   the space 34820K,  77% used [0x0a550000, 0x0bfb4610, 0x0bfb4800, 0x0c751000)
 Metaspace       used 15109K, capacity 15326K, committed 15488K, reserved 15744K
}
Event: 5.260 GC heap before
{Heap before GC invocations=53 (full 3):
 def new generation   total 15744K, used 15227K [0x05000000, 0x06110000, 0x0a550000)
  eden space 14016K, 100% used [0x05000000, 0x05db0000, 0x05db0000)
  from space 1728K,  70% used [0x05f60000, 0x0608ef78, 0x06110000)
  to   space 1728K,   0% used [0x05db0000, 0x05db0000, 0x05f60000)
 tenured generation   total 34820K, used 27025K [0x0a550000, 0x0c751000, 0x15000000)
   the space 34820K,  77% used [0x0a550000, 0x0bfb4610, 0x0bfb4800, 0x0c751000)
 Metaspace       used 15971K, capacity 16163K, committed 16256K, reserved 16768K
Event: 5.265 GC heap after
Heap after GC invocations=54 (full 3):
 def new generation   total 15744K, used 1556K [0x05000000, 0x06110000, 0x0a550000)
  eden space 14016K,   0% used [0x05000000, 0x05000000, 0x05db0000)
  from space 1728K,  90% used [0x05db0000, 0x05f35368, 0x05f60000)
  to   space 1728K,   0% used [0x05f60000, 0x05f60000, 0x06110000)
 tenured generation   total 34820K, used 27285K [0x0a550000, 0x0c751000, 0x15000000)
   the space 34820K,  78% used [0x0a550000, 0x0bff55a8, 0x0bff5600, 0x0c751000)
 Metaspace       used 15971K, capacity 16163K, committed 16256K, reserved 16768K
}
Event: 5.345 GC heap before
{Heap before GC invocations=54 (full 3):
 def new generation   total 15744K, used 15572K [0x05000000, 0x06110000, 0x0a550000)
  eden space 14016K, 100% used [0x05000000, 0x05db0000, 0x05db0000)
  from space 1728K,  90% used [0x05db0000, 0x05f35368, 0x05f60000)
  to   space 1728K,   0% used [0x05f60000, 0x05f60000, 0x06110000)
 tenured generation   total 34820K, used 27285K [0x0a550000, 0x0c751000, 0x15000000)
   the space 34820K,  78% used [0x0a550000, 0x0bff55a8, 0x0bff5600, 0x0c751000)
 Metaspace       used 16034K, capacity 16234K, committed 16384K, reserved 16768K
Event: 5.348 GC heap after
Heap after GC invocations=55 (full 3):
 def new generation   total 15744K, used 486K [0x05000000, 0x06110000, 0x0a550000)
  eden space 14016K,   0% used [0x05000000, 0x05000000, 0x05db0000)
  from space 1728K,  28% used [0x05f60000, 0x05fd9ac0, 0x06110000)
  to   space 1728K,   0% used [0x05db0000, 0x05db0000, 0x05f60000)
 tenured generation   total 34820K, used 27735K [0x0a550000, 0x0c751000, 0x15000000)
   the space 34820K,  79% used [0x0a550000, 0x0c065f00, 0x0c066000, 0x0c751000)
 Metaspace       used 16034K, capacity 16234K, committed 16384K, reserved 16768K
}

