# JRE version: Java(TM) SE Runtime Environment (8.0_60-b27) (build 1.8.0_60-b27)
# Java VM: Java HotSpot(TM) Client VM (25.60-b23 mixed mode, sharing windows-x86 )
Heap:
 def new generation   total 17728K, used 7351K [0x04600000, 0x05930000, 0x09b50000)
  eden space 15808K,  37% used [0x04600000, 0x04bd5b28, 0x05570000)
  from space 1920K,  71% used [0x05570000, 0x056c83f0, 0x05750000)
  to   space 1920K,   0% used [0x05750000, 0x05750000, 0x05930000)
 tenured generation   total 39216K, used 37729K [0x09b50000, 0x0c19c000, 0x14600000)
   the space 39216K,  96% used [0x09b50000, 0x0c028540, 0x0c028600, 0x0c19c000)
 Metaspace       used 23554K, capacity 23929K, committed 23936K, reserved 23936K
GC Heap History (10 events):
Event: 7.384 GC heap before
{Heap before GC invocations=71 (full 4):
 def new generation   total 17728K, used 16954K [0x04600000, 0x05930000, 0x09b50000)
  eden space 15808K, 100% used [0x04600000, 0x05570000, 0x05570000)
  from space 1920K,  59% used [0x05750000, 0x0586e9a8, 0x05930000)
  to   space 1920K,   0% used [0x05570000, 0x05570000, 0x05750000)
 tenured generation   total 39216K, used 33008K [0x09b50000, 0x0c19c000, 0x14600000)
   the space 39216K,  84% used [0x09b50000, 0x0bb8c1c0, 0x0bb8c200, 0x0c19c000)
 Metaspace       used 21866K, capacity 22065K, committed 22272K, reserved 22912K
Event: 7.391 GC heap after
Heap after GC invocations=72 (full 4):
 def new generation   total 17728K, used 1097K [0x04600000, 0x05930000, 0x09b50000)
  eden space 15808K,   0% used [0x04600000, 0x04600000, 0x05570000)
  from space 1920K,  57% used [0x05570000, 0x05682590, 0x05750000)
  to   space 1920K,   0% used [0x05750000, 0x05750000, 0x05930000)
 tenured generation   total 39216K, used 33992K [0x09b50000, 0x0c19c000, 0x14600000)
   the space 39216K,  86% used [0x09b50000, 0x0bc822b0, 0x0bc82400, 0x0c19c000)
 Metaspace       used 21866K, capacity 22065K, committed 22272K, reserved 22912K
}
Event: 7.615 GC heap before
{Heap before GC invocations=72 (full 4):
 def new generation   total 17728K, used 16905K [0x04600000, 0x05930000, 0x09b50000)
  eden space 15808K, 100% used [0x04600000, 0x05570000, 0x05570000)
  from space 1920K,  57% used [0x05570000, 0x05682590, 0x05750000)
  to   space 1920K,   0% used [0x05750000, 0x05750000, 0x05930000)
 tenured generation   total 39216K, used 33992K [0x09b50000, 0x0c19c000, 0x14600000)
   the space 39216K,  86% used [0x09b50000, 0x0bc822b0, 0x0bc82400, 0x0c19c000)
 Metaspace       used 22740K, capacity 23077K, committed 23168K, reserved 23936K
Event: 7.624 GC heap after
Heap after GC invocations=73 (full 4):
 def new generation   total 17728K, used 1475K [0x04600000, 0x05930000, 0x09b50000)
  eden space 15808K,   0% used [0x04600000, 0x04600000, 0x05570000)
  from space 1920K,  76% used [0x05750000, 0x058c0f48, 0x05930000)
  to   space 1920K,   0% used [0x05570000, 0x05570000, 0x05750000)
 tenured generation   total 39216K, used 34826K [0x09b50000, 0x0c19c000, 0x14600000)
   the space 39216K,  88% used [0x09b50000, 0x0bd52a88, 0x0bd52c00, 0x0c19c000)
 Metaspace       used 22740K, capacity 23077K, committed 23168K, reserved 23936K
}
Event: 7.811 GC heap before
{Heap before GC invocations=73 (full 4):
 def new generation   total 17728K, used 17283K [0x04600000, 0x05930000, 0x09b50000)
  eden space 15808K, 100% used [0x04600000, 0x05570000, 0x05570000)
  from space 1920K,  76% used [0x05750000, 0x058c0f48, 0x05930000)
  to   space 1920K,   0% used [0x05570000, 0x05570000, 0x05750000)
 tenured generation   total 39216K, used 34826K [0x09b50000, 0x0c19c000, 0x14600000)
   the space 39216K,  88% used [0x09b50000, 0x0bd52a88, 0x0bd52c00, 0x0c19c000)
 Metaspace       used 23120K, capacity 23464K, committed 23552K, reserved 23936K
Event: 7.817 GC heap after
Heap after GC invocations=74 (full 4):
 def new generation   total 17728K, used 1562K [0x04600000, 0x05930000, 0x09b50000)
  eden space 15808K,   0% used [0x04600000, 0x04600000, 0x05570000)
  from space 1920K,  81% used [0x05570000, 0x056f6a30, 0x05750000)
  to   space 1920K,   0% used [0x05750000, 0x05750000, 0x05930000)
 tenured generation   total 39216K, used 35672K [0x09b50000, 0x0c19c000, 0x14600000)
   the space 39216K,  90% used [0x09b50000, 0x0be26208, 0x0be26400, 0x0c19c000)
 Metaspace       used 23120K, capacity 23464K, committed 23552K, reserved 23936K
}
Event: 7.956 GC heap before
{Heap before GC invocations=74 (full 4):
 def new generation   total 17728K, used 17370K [0x04600000, 0x05930000, 0x09b50000)
  eden space 15808K, 100% used [0x04600000, 0x05570000, 0x05570000)
  from space 1920K,  81% used [0x05570000, 0x056f6a30, 0x05750000)
  to   space 1920K,   0% used [0x05750000, 0x05750000, 0x05930000)
 tenured generation   total 39216K, used 35672K [0x09b50000, 0x0c19c000, 0x14600000)
   the space 39216K,  90% used [0x09b50000, 0x0be26208, 0x0be26400, 0x0c19c000)
 Metaspace       used 23336K, capacity 23695K, committed 23808K, reserved 23936K
Event: 7.964 GC heap after
Heap after GC invocations=75 (full 4):
 def new generation   total 17728K, used 1340K [0x04600000, 0x05930000, 0x09b50000)
  eden space 15808K,   0% used [0x04600000, 0x04600000, 0x05570000)
  from space 1920K,  69% used [0x05750000, 0x0589f0f0, 0x05930000)
  to   space 1920K,   0% used [0x05570000, 0x05570000, 0x05750000)
 tenured generation   total 39216K, used 36645K [0x09b50000, 0x0c19c000, 0x14600000)
   the space 39216K,  93% used [0x09b50000, 0x0bf19468, 0x0bf19600, 0x0c19c000)
 Metaspace       used 23336K, capacity 23695K, committed 23808K, reserved 23936K
}
Event: 8.087 GC heap before
{Heap before GC invocations=75 (full 4):
 def new generation   total 17728K, used 17148K [0x04600000, 0x05930000, 0x09b50000)
  eden space 15808K, 100% used [0x04600000, 0x05570000, 0x05570000)
  from space 1920K,  69% used [0x05750000, 0x0589f0f0, 0x05930000)
  to   space 1920K,   0% used [0x05570000, 0x05570000, 0x05750000)
 tenured generation   total 39216K, used 36645K [0x09b50000, 0x0c19c000, 0x14600000)
   the space 39216K,  93% used [0x09b50000, 0x0bf19468, 0x0bf19600, 0x0c19c000)
 Metaspace       used 23518K, capacity 23892K, committed 23936K, reserved 23936K
Event: 8.093 GC heap after
Heap after GC invocations=76 (full 4):
 def new generation   total 17728K, used 1376K [0x04600000, 0x05930000, 0x09b50000)
  eden space 15808K,   0% used [0x04600000, 0x04600000, 0x05570000)
  from space 1920K,  71% used [0x05570000, 0x056c83f0, 0x05750000)
  to   space 1920K,   0% used [0x05750000, 0x05750000, 0x05930000)
 tenured generation   total 39216K, used 37729K [0x09b50000, 0x0c19c000, 0x14600000)
   the space 39216K,  96% used [0x09b50000, 0x0c028540, 0x0c028600, 0x0c19c000)
 Metaspace       used 23518K, capacity 23892K, committed 23936K, reserved 23936K
}

